<?xml version="1.0" encoding="UTF-8"?>
<!-- Generated by org.testng.reporters.JUnitReportReporter -->
<testsuite hostname="LMC-LT-066" failures="0" tests="1" name="Pages.ProductSearchPage" time="12.858" errors="0" timestamp="2022-10-18T13:21:29 IST" skipped="0">
  <testcase classname="Pages.ProductSearchPage" name="launchApp" time="12.858"/>
  <system-out/>
</testsuite> <!-- Pages.ProductSearchPage -->
