<?xml version="1.0" encoding="UTF-8"?>
<!-- Generated by org.testng.reporters.JUnitReportReporter -->
<testsuite hostname="LMC-LT-066" failures="0" tests="1" name="Pages.ForgotPasswordPage" time="16.299" errors="0" timestamp="2022-10-18T12:39:38 IST" skipped="0">
  <testcase classname="Pages.ForgotPasswordPage" name="launchApp" time="16.299"/>
  <system-out/>
</testsuite> <!-- Pages.ForgotPasswordPage -->
