<?xml version="1.0" encoding="UTF-8"?>
<!-- Generated by org.testng.reporters.JUnitReportReporter -->
<testsuite hostname="LMC-LT-066" failures="0" tests="2" name="TestCase.OrderTestPage" time="71.046" errors="0" timestamp="2022-10-19T09:49:13 IST" skipped="0">
  <testcase classname="TestCase.OrderTestPage" name="launchApp" time="21.201"/>
  <system-out/>
  <testcase classname="TestCase.OrderTestPage" name="Verify_SearchBox" time="49.845"/>
  <system-out/>
</testsuite> <!-- TestCase.OrderTestPage -->
