<?xml version="1.0" encoding="UTF-8"?>
<!-- Generated by org.testng.reporters.JUnitReportReporter -->
<testsuite hostname="LMC-LT-066" failures="0" tests="4" name="TestCase.DashboardTestPage" time="106.897" errors="0" timestamp="2022-10-18T11:51:52 IST" skipped="0">
  <testcase classname="TestCase.DashboardTestPage" name="launchApp" time="16.235"/>
  <system-out/>
  <testcase classname="TestCase.DashboardTestPage" name="VerifyLogo" time="13.032"/>
  <system-out/>
  <testcase classname="TestCase.DashboardTestPage" name="VerifySignIn" time="43.805"/>
  <system-out/>
  <testcase classname="TestCase.DashboardTestPage" name="VerifyForgorPassword" time="33.825"/>
  <system-out/>
</testsuite> <!-- TestCase.DashboardTestPage -->
