<?xml version="1.0" encoding="UTF-8"?>
<!-- Generated by org.testng.reporters.JUnitReportReporter -->
<testsuite hostname="LMC-LT-066" failures="0" tests="1" name="Pages.SearchResultPage" time="13.689" errors="0" timestamp="2022-10-18T15:57:18 IST" skipped="0">
  <testcase classname="Pages.SearchResultPage" name="launchApp" time="13.689"/>
  <system-out/>
</testsuite> <!-- Pages.SearchResultPage -->
