<?xml version="1.0" encoding="UTF-8"?>
<!-- Generated by org.testng.reporters.JUnitReportReporter -->
<testsuite hostname="LMC-LT-066" failures="0" tests="2" name="TestCase.LoginTestPage" time="48.806" errors="0" timestamp="2022-10-18T12:00:58 IST" skipped="0">
  <testcase classname="TestCase.LoginTestPage" name="launchApp" time="23.780"/>
  <system-out/>
  <testcase classname="TestCase.LoginTestPage" name="VerifyLogin" time="25.026"/>
  <system-out/>
</testsuite> <!-- TestCase.LoginTestPage -->
