<?xml version="1.0" encoding="UTF-8"?>
<!-- Generated by org.testng.reporters.JUnitReportReporter -->
<testsuite hostname="LMC-LT-066" failures="0" tests="2" name="TestCase.ForgotPasswordTestPage" time="93.617" errors="0" timestamp="2022-10-18T12:56:35 IST" skipped="0">
  <testcase classname="TestCase.ForgotPasswordTestPage" name="launchApp" time="46.325"/>
  <system-out/>
  <testcase classname="TestCase.ForgotPasswordTestPage" name="VerifyForgotPasswordTest" time="47.292"/>
  <system-out/>
</testsuite> <!-- TestCase.ForgotPasswordTestPage -->
