<?xml version="1.0" encoding="UTF-8"?>
<!-- Generated by org.testng.reporters.JUnitReportReporter -->
<testsuite hostname="LMC-LT-066" failures="0" tests="2" name="TestCase.SearchResultTestPage" time="52.634" errors="0" timestamp="2022-10-18T15:59:21 IST" skipped="0">
  <testcase classname="TestCase.SearchResultTestPage" name="launchApp" time="27.697"/>
  <system-out/>
  <testcase classname="TestCase.SearchResultTestPage" name="Verify_SearchBox" time="24.937"/>
  <system-out/>
</testsuite> <!-- TestCase.SearchResultTestPage -->
